<?xml version="1.0" encoding="UTF-8"?>
<testsuite xmlns:xsi="http://www.w3.org/2001/XMLSchema-instance" xsi:noNamespaceSchemaLocation="https://maven.apache.org/surefire/maven-surefire-plugin/xsd/surefire-test-report-3.0.xsd" version="3.0" name="com.emotionalbook.security.PasswordPolicyTest" time="0.019" tests="6" errors="0" skipped="0" failures="0">
  <properties>
[...]
</properties>
  <testcase name="sansMinuscule" classname="com.emotionalbook.security.PasswordPolicyTest" time="0.003"/>
  <testcase name="sansSpecial" classname="com.emotionalbook.security.PasswordPolicyTest" time="0.001"/>
  <testcase name="valide" classname="com.emotionalbook.security.PasswordPolicyTest" time="0.003"/>
  <testcase name="tropCourt" classname="com.emotionalbook.security.PasswordPolicyTest" time="0.001"/>
  <testcase name="sansChiffre" classname="com.emotionalbook.security.PasswordPolicyTest" time="0.0"/>
  <testcase name="sansMajuscule" classname="com.emotionalbook.security.PasswordPolicyTest" time="0.001"/>
</testsuite>