<?xml version="1.0" encoding="UTF-8"?>
<testsuite xmlns:xsi="http://www.w3.org/2001/XMLSchema-instance" xsi:noNamespaceSchemaLocation="https://maven.apache.org/surefire/maven-surefire-plugin/xsd/surefire-test-report-3.0.xsd" version="3.0" name="com.emotionalbook.it.ApiIntegrationTest" time="33.957" tests="1" errors="0" skipped="0" failures="0">
  <properties>
[...]
</properties>
  <testcase name="parcoursComplet" classname="com.emotionalbook.it.ApiIntegrationTest" time="2.09">
    <system-out><![CDATA[22:27:54.315 [main] INFO org.springframework.test.context.support.AnnotationConfigContextLoaderUtils -- Could not detect default configuration classes for test class [com.emotionalbook.it.ApiIntegrationTest]: ApiIntegrationTest does not declare any static, non-private, non-final, nested classes annotated with @Configuration.
22:27:54.546 [main] INFO org.springframework.boot.test.context.SpringBootTestContextBootstrapper -- Found @SpringBootConfiguration com.emotionalbook.EmotionalBookApiApplication for test class com.emotionalbook.it.ApiIntegrationTest
22:27:54.730 [main] INFO org.testcontainers.images.PullPolicy -- Image pull policy will be performed by: DefaultPullPolicy()
22:27:54.733 [main] INFO org.testcontainers.utility.ImageNameSubstitutor -- Image name substitution will be performed by: DefaultImageNameSubstitutor (composite of 'ConfigurationFileImageNameSubstitutor' and 'PrefixingImageNameSubstitutor')
22:27:55.004 [main] INFO org.testcontainers.dockerclient.DockerClientProviderStrategy -- Loaded org.testcontainers.dockerclient.NpipeSocketClientProviderStrategy from ~/.testcontainers.properties, will try it first
22:27:55.357 [main] INFO org.testcontainers.dockerclient.DockerClientProviderStrategy -- Found Docker environment with local Npipe socket (npipe:////./pipe/docker_engine)
22:27:55.358 [main] INFO org.testcontainers.DockerClientFactory -- Docker host IP address is localhost
22:27:55.389 [main] INFO org.testcontainers.DockerClientFactory -- Connected to docker: 
  Server Version: 28.0.4
  API Version: 1.48
  Operating System: Docker Desktop
  Total Memory: 15547 MB
22:27:55.448 [main] INFO tc.testcontainers/ryuk:0.7.0 -- Creating container for image: testcontainers/ryuk:0.7.0
22:27:55.661 [main] INFO org.testcontainers.utility.RegistryAuthLocator -- Credential helper/store (docker-credential-desktop) does not have credentials for https://index.docker.io/v1/
22:27:55.863 [main] INFO tc.testcontainers/ryuk:0.7.0 -- Container testcontainers/ryuk:0.7.0 is starting: 07021e1df7dc53340e25b146f9a5683fbb449b96d9f1414a469ce695a02c5668
22:27:56.315 [main] INFO tc.testcontainers/ryuk:0.7.0 -- Container testcontainers/ryuk:0.7.0 started in PT0.8664369S
22:27:56.322 [main] INFO org.testcontainers.utility.RyukResourceReaper -- Ryuk started - will monitor and terminate Testcontainers containers on JVM exit
22:27:56.323 [main] INFO org.testcontainers.DockerClientFactory -- Checking the system...
22:27:56.323 [main] INFO org.testcontainers.DockerClientFactory -- ✔︎ Docker server version should be at least 1.6.0
22:27:56.327 [main] INFO tc.mysql:8.0 -- Creating container for image: mysql:8.0
22:27:56.456 [main] INFO tc.mysql:8.0 -- Container mysql:8.0 is starting: f2d0fb4665bb636eb218ca249dafdcc395aac1fdc67688514ebb881b42fa2e6d
22:27:56.817 [main] INFO tc.mysql:8.0 -- Waiting for database connection to become available at jdbc:mysql://localhost:62991/emotionalbook using query 'SELECT 1'
22:28:15.243 [main] INFO tc.mysql:8.0 -- Container mysql:8.0 started in PT18.9165838S
22:28:15.244 [main] INFO tc.mysql:8.0 -- Container is started (JDBC URL: jdbc:mysql://localhost:62991/emotionalbook)

  .   ____          _            __ _ _
 /\\ / ___'_ __ _ _(_)_ __  __ _ \ \ \ \
( ( )\___ | '_ | '_| | '_ \/ _` | \ \ \ \
 \\/  ___)| |_)| | | | | || (_| |  ) ) ) )
  '  |____| .__|_| |_|_| |_\__, | / / / /
 =========|_|==============|___/=/_/_/_/

 :: Spring Boot ::                (v3.3.3)

2025-10-05T22:28:15.578+02:00  INFO 34628 --- [emotionalbook-api] [           main] c.emotionalbook.it.ApiIntegrationTest    : Starting ApiIntegrationTest using Java 23 with PID 34628 (started by juill in C:\Users\juill\Desktop\EmotionalBook)
2025-10-05T22:28:15.580+02:00  INFO 34628 --- [emotionalbook-api] [           main] c.emotionalbook.it.ApiIntegrationTest    : No active profile set, falling back to 1 default profile: "default"
2025-10-05T22:28:17.660+02:00  INFO 34628 --- [emotionalbook-api] [           main] o.s.b.w.embedded.tomcat.TomcatWebServer  : Tomcat initialized with port 0 (http)
2025-10-05T22:28:17.676+02:00  INFO 34628 --- [emotionalbook-api] [           main] o.apache.catalina.core.StandardService   : Starting service [Tomcat]
2025-10-05T22:28:17.677+02:00  INFO 34628 --- [emotionalbook-api] [           main] o.apache.catalina.core.StandardEngine    : Starting Servlet engine: [Apache Tomcat/10.1.28]
2025-10-05T22:28:17.750+02:00  INFO 34628 --- [emotionalbook-api] [           main] o.a.c.c.C.[Tomcat].[localhost].[/]       : Initializing Spring embedded WebApplicationContext
2025-10-05T22:28:17.751+02:00  INFO 34628 --- [emotionalbook-api] [           main] w.s.c.ServletWebServerApplicationContext : Root WebApplicationContext: initialization completed in 2155 ms
2025-10-05T22:28:18.230+02:00  INFO 34628 --- [emotionalbook-api] [           main] com.zaxxer.hikari.HikariDataSource       : HikariPool-1 - Starting...
2025-10-05T22:28:18.554+02:00  INFO 34628 --- [emotionalbook-api] [           main] com.zaxxer.hikari.pool.HikariPool        : HikariPool-1 - Added connection com.mysql.cj.jdbc.ConnectionImpl@ba27ce6
2025-10-05T22:28:18.558+02:00  INFO 34628 --- [emotionalbook-api] [           main] com.zaxxer.hikari.HikariDataSource       : HikariPool-1 - Start completed.
2025-10-05T22:28:18.675+02:00  INFO 34628 --- [emotionalbook-api] [           main] org.flywaydb.core.FlywayExecutor         : Database: jdbc:mysql://localhost:62991/emotionalbook (MySQL 8.0)
2025-10-05T22:28:18.851+02:00  INFO 34628 --- [emotionalbook-api] [           main] o.f.c.i.s.JdbcTableSchemaHistory         : Schema history table `emotionalbook`.`flyway_schema_history` does not exist yet
2025-10-05T22:28:18.869+02:00  INFO 34628 --- [emotionalbook-api] [           main] o.f.core.internal.command.DbValidate     : Successfully validated 3 migrations (execution time 00:00.066s)
2025-10-05T22:28:18.951+02:00  INFO 34628 --- [emotionalbook-api] [           main] o.f.c.i.s.JdbcTableSchemaHistory         : Creating Schema History table `emotionalbook`.`flyway_schema_history` ...
2025-10-05T22:28:19.196+02:00  INFO 34628 --- [emotionalbook-api] [           main] o.f.core.internal.command.DbMigrate      : Current version of schema `emotionalbook`: << Empty Schema >>
2025-10-05T22:28:19.265+02:00  INFO 34628 --- [emotionalbook-api] [           main] o.f.core.internal.command.DbMigrate      : Migrating schema `emotionalbook` to version "1 - baseline"
2025-10-05T22:28:19.371+02:00  WARN 34628 --- [emotionalbook-api] [           main] o.f.c.i.s.DefaultSqlScriptExecutor       : DB: Integer display width is deprecated and will be removed in a future release. (SQL State: HY000 - Error Code: 1681)
2025-10-05T22:28:19.466+02:00  WARN 34628 --- [emotionalbook-api] [           main] o.f.c.i.s.DefaultSqlScriptExecutor       : DB: Integer display width is deprecated and will be removed in a future release. (SQL State: HY000 - Error Code: 1681)
2025-10-05T22:28:21.244+02:00  WARN 34628 --- [emotionalbook-api] [           main] o.f.c.i.s.DefaultSqlScriptExecutor       : DB: Integer display width is deprecated and will be removed in a future release. (SQL State: HY000 - Error Code: 1681)
2025-10-05T22:28:22.031+02:00  INFO 34628 --- [emotionalbook-api] [           main] o.f.core.internal.command.DbMigrate      : Migrating schema `emotionalbook` to version "2 - seed emotion taxonomy"
2025-10-05T22:28:22.246+02:00  INFO 34628 --- [emotionalbook-api] [           main] o.f.core.internal.command.DbMigrate      : Migrating schema `emotionalbook` to version "3 - add user role"
2025-10-05T22:28:22.463+02:00  INFO 34628 --- [emotionalbook-api] [           main] o.f.core.internal.command.DbMigrate      : Successfully applied 3 migrations to schema `emotionalbook`, now at version v3 (execution time 00:02.945s)
2025-10-05T22:28:22.949+02:00  WARN 34628 --- [emotionalbook-api] [           main] .s.s.UserDetailsServiceAutoConfiguration : 

Using generated security password: 2ea1cc6a-4ca8-44f4-8da9-3723452e0136

This generated password is for development use only. Your security configuration must be updated before running your application in production.

2025-10-05T22:28:22.963+02:00  INFO 34628 --- [emotionalbook-api] [           main] r$InitializeUserDetailsManagerConfigurer : Global AuthenticationManager configured with UserDetailsService bean with name inMemoryUserDetailsManager
2025-10-05T22:28:23.561+02:00  INFO 34628 --- [emotionalbook-api] [           main] o.s.b.a.e.web.EndpointLinksResolver      : Exposing 2 endpoints beneath base path '/actuator'
2025-10-05T22:28:24.601+02:00  INFO 34628 --- [emotionalbook-api] [           main] o.a.c.c.C.[Tomcat].[localhost].[/]       : Initializing Spring TestDispatcherServlet ''
2025-10-05T22:28:24.602+02:00  INFO 34628 --- [emotionalbook-api] [           main] o.s.t.web.servlet.TestDispatcherServlet  : Initializing Servlet ''
2025-10-05T22:28:24.604+02:00  INFO 34628 --- [emotionalbook-api] [           main] o.s.t.web.servlet.TestDispatcherServlet  : Completed initialization in 2 ms
2025-10-05T22:28:24.792+02:00  INFO 34628 --- [emotionalbook-api] [           main] o.s.b.w.embedded.tomcat.TomcatWebServer  : Tomcat started on port 63144 (http) with context path '/'
2025-10-05T22:28:24.822+02:00  INFO 34628 --- [emotionalbook-api] [           main] c.emotionalbook.it.ApiIntegrationTest    : Started ApiIntegrationTest in 9.534 seconds (process running for 31.489)
]]></system-out>
    <system-err><![CDATA[WARNING: A Java agent has been loaded dynamically (C:\Users\juill\.m2\repository\net\bytebuddy\byte-buddy-agent\1.14.19\byte-buddy-agent-1.14.19.jar)
WARNING: If a serviceability tool is in use, please run with -XX:+EnableDynamicAgentLoading to hide this warning
WARNING: If a serviceability tool is not in use, please run with -Djdk.instrument.traceUsage for more information
WARNING: Dynamic loading of agents will be disallowed by default in a future release
]]></system-err>
  </testcase>
</testsuite>